MPASM  5.14                ICHNNOUREDDIN1.ASM   3-11-2021  16:39:11         PAGE  1


LOC  OBJECT CODE     LINE SOURCE TEXT
  VALUE

                      00001 ;Le programme de PIC_1                                                         
                      00002 ;++++++++++++++++++++++++++++++++++++++++++++++++++++++++++
                      00003 ; Les DIRECTIVES
                      00004 ;++++++++++++++++++++++++++++++++++++++++++++++++++++++++++
                      00005         LIST      p=16F84A            ; Définition de processeur
                      00006         #include <p16F84A.inc>        ; Définitions de variables
                      00001         LIST
                      00002 ; P16F84A.INC  Standard Header File, Version 2.00    Microchip Technology, Inc.
                      00134         LIST
2007   3FF2           00007         __CONFIG   _CP_OFF & _WDT_OFF & _PWRTE_ON & _HS_OSC
                      00008 
                      00009 ;+++++++++++++++++++++++++++++++++++++++++++++++++++++++++++
                      00010 ;                 PROGRAMME PRINCIPAL
                      00011 ;+++++++++++++++++++++++++++++++++++++++++++++++++++++++++++
Warning[205]: Found directive in column 1. (CBLOCK)
                      00012 CBLOCK 0x0C                             ; début de la zone variables 
  0000000C            00013         cmpt1 : 1                               ; compteur de boucles 1
  0000000D            00014         cmpt2 : 1                               ; compteur de boucles 2
  0000000E            00015         cmpt3 : 1                               ; compteur de boucles 3
                      00016         ENDC
0000                  00017     ORG 0x000 ;l' adresse de depart dans la memoire de programme 
0000   282B           00018     goto start ;orientation vers l etiquite start   
                      00019 ;---------------------------------------------------------------------
                      00020 ; Cette sous-routine introduit un retard d'environ 0.5s
                      00021 ; Elle ne reçoit aucun paramètre et n'en retourne aucun
                      00022 ;---------------------------------------------------------------------
Warning[207]: Found label after column 1. (tempo)
0001                  00023  tempo
0001   3001           00024         movlw   1                               ; pour 2 boucles
0002   008E           00025         movwf   cmpt3                           ; initialiser compteur3
0003                  00026 boucle3
0003   018D           00027         clrf    cmpt2                           ; effacer compteur2
0004                  00028 boucle2
0004   018C           00029         clrf    cmpt1                           ; effacer compteur1
0005                  00030 boucle1
0005   0000           00031         nop                                     ; perdre 1 cycle
0006   0B8C           00032         decfsz  cmpt1,f                         ; décrémenter compteur1
0007   2805           00033         goto    boucle1                         ; si pas 0, boucler     
0008   0B8D           00034         decfsz  cmpt2,f                         ; si 0, décrémenter compteur 2
0009   2804           00035         goto    boucle2                         ; si cmpt2 pas 0, recommencer boucle1
000A   0B8E           00036         decfsz  cmpt3,f                         ; si 0, décrémenter compteur 3
000B   2803           00037         goto    boucle3                         ; si cmpt3 pas 0, recommencer boucle2
000C   0008           00038    return                                               ; retour de la sous-routine
                      00039 ;===================================================================
                      00040 ;Ce morceau de prgramme nous permet d'allumer et ettiendre des 7segment et aussi 
                      00041 ;faire decrémenter l afficheur des unites
                      00042 ;================================================================
000D   1786           00043 Decomptage bsf PORTB,7
000E   0185           00044            clrf PORTA
000F   2001           00045            call tempo
0010   2001           00046            call tempo 
0011   2001           00047            call tempo 
0012   3009           00048            movlw b'00001001'
MPASM  5.14                ICHNNOUREDDIN1.ASM   3-11-2021  16:39:11         PAGE  2


LOC  OBJECT CODE     LINE SOURCE TEXT
  VALUE

0013   0085           00049            movwf PORTA
0014   2001           00050            call tempo
0015   2001           00051            call tempo 
Warning[207]: Found label after column 1. (hh)
0016   0385           00052         hh decf PORTA,f
0017   2001           00053            call tempo
0018   2001           00054            call tempo
0019   0103           00055            clrw 
001A   0205           00056            subwf PORTA,w
001B   1D03           00057            btfss STATUS,Z
001C   2816           00058            goto hh
001D   3009           00059            movlw b'00001001' 
001E   0085           00060            movwf PORTA
001F   2001           00061            call tempo
0020   2001           00062            call tempo
Warning[207]: Found label after column 1. (kk)
0021   0385           00063         kk decf PORTA,f
0022   2001           00064            call tempo
0023   2001           00065            call tempo
0024   0103           00066            clrw 
0025   0205           00067            subwf PORTA,w
0026   1D03           00068            btfss STATUS,Z
0027   2821           00069            goto kk
0028   0185           00070            clrf PORTA
0029   1386           00071            bcf PORTB,7
002A   0008           00072            return
                      00073 ;+++++++++++++++++++++++++++++++++++++++++++++++++++++++++++++++++++++++
                      00074 ;Programme principal avec lequel on va faire et traduire
                      00075 ; tout ce qui demmandé dans le cahier de charge exactement le tableau
                      00076 ;
                      00077 ;+++++++++++++++++++++++++++++++++++++++++++++++++++++++++++++++++++++++
002B                  00078 start
002B   1683           00079          bsf STATUS,RP0; acceder au banque1 pour configurer les portes
Message[302]: Register in operand not in bank 0.  Ensure that bank bits are correct.
002C   0186           00080          clrf TRISB  ; considerer tout le portb en sortie
Message[302]: Register in operand not in bank 0.  Ensure that bank bits are correct.
002D   0185           00081          clrf TRISA
002E   1283           00082          bcf STATUS,RP0
002F   0185           00083          clrf PORTA
0030   0186           00084          clrf PORTB
Warning[207]: Found label after column 1. (Sequence1)
0031                  00085  Sequence1 
0031   0185           00086           clrf PORTA
0032   0186           00087           clrf PORTB                          
0033   1506           00088           bsf PORTB,2;Allumer LED R1
0034   1586           00089           bsf PORTB,3 ;allumer LED V2
                      00090           
0035   2001           00091           call tempo ;tomporisation de 0.5 second
0036   1186           00092           bcf PORTB,3 ;eteindre  LED V2
0037   2001           00093           call tempo
0038   1586           00094           bsf PORTB,3
0039   2001           00095           call tempo
003A   1186           00096           bcf PORTB,3
MPASM  5.14                ICHNNOUREDDIN1.ASM   3-11-2021  16:39:11         PAGE  3


LOC  OBJECT CODE     LINE SOURCE TEXT
  VALUE

003B   2001           00097           call tempo
003C   1586           00098           bsf PORTB,3
003D   2001           00099           call tempo
003E   1186           00100           bcf PORTB,3
003F   2001           00101           call tempo
0040   1586           00102           bsf PORTB,3
0041   2001           00103           call tempo
0042   1186           00104           bcf PORTB,3
0043   0186           00105           clrf PORTB
                      00106           
                      00107           
0044                  00108 Sequence2
0044   1506           00109           bsf PORTB,2 ;Allumer LED R1
0045   1606           00110           bsf PORTB,4;Allumer  LED J2
0046   2001           00111           call tempo 
0047   2001           00112           call tempo
0048   2001           00113           call tempo
0049   2001           00114           call tempo 
004A   1206           00115           bcf PORTB,4
004B   0186           00116           clrf PORTB
                      00117          
004C                  00118 Sequence3
004C   1406           00119           bsf PORTB,0; AllumeLED V1
004D   1686           00120           bsf PORTB,5 ;Allumer LED R2
004E   200D           00121           call Decomptage ;Appel decomptage 
                      00122           
004F                  00123 Sequence4 
                      00124           
004F   1686           00125           bsf PORTB,5;LED R2
0050   1406           00126           bsf PORTB,0 ;LED V1
0051   2001           00127           call tempo ;tomporisation de 0.5 second
0052   1006           00128           bcf PORTB,0
0053   2001           00129           call tempo
0054   1406           00130           bsf PORTB,0
0055   2001           00131           call tempo
0056   1006           00132           bcf PORTB,0
0057   2001           00133           call tempo
0058   1406           00134           bsf PORTB,0
0059   2001           00135           call tempo
005A   1006           00136           bcf PORTB,0
005B   2001           00137           call tempo
005C   1406           00138           bsf PORTB,0
005D   2001           00139           call tempo
005E   1006           00140           bcf PORTB,0
005F   0186           00141           clrf PORTB
                      00142           
0060                  00143 Sequence5  
0060   1686           00144           bsf PORTB,5 ;LED R1
0061   1486           00145           bsf PORTB,1; LED J1
0062   2001           00146           call tempo 
0063   2001           00147           call tempo
0064   2001           00148           call tempo
0065   2001           00149           call tempo 
MPASM  5.14                ICHNNOUREDDIN1.ASM   3-11-2021  16:39:11         PAGE  4


LOC  OBJECT CODE     LINE SOURCE TEXT
  VALUE

0066   1206           00150           bcf PORTB,4
0067   0186           00151           clrf PORTB
                      00152           
Warning[207]: Found label after column 1. (Sequence6)
0068                  00153  Sequence6 
0068   1586           00154           bsf PORTB,3 ; LED V2
0069   1506           00155           bsf PORTB,2 ;LED R1
006A   280D           00156           goto Decomptage 
                      00157           ;clrf PORTB    
006B   2831           00158           goto Sequence1; revient au sequence 1 pour refaire le fonctionnement
                      00159           
                      00160 
                      00161 
                      00162       end                 
MPASM  5.14                ICHNNOUREDDIN1.ASM   3-11-2021  16:39:11         PAGE  5


SYMBOL TABLE
  LABEL                             VALUE 

C                                 00000000
DC                                00000001
Decomptage                        0000000D
EEADR                             00000009
EECON1                            00000088
EECON2                            00000089
EEDATA                            00000008
EEIE                              00000006
EEIF                              00000004
F                                 00000001
FSR                               00000004
GIE                               00000007
INDF                              00000000
INTCON                            0000000B
INTE                              00000004
INTEDG                            00000006
INTF                              00000001
IRP                               00000007
NOT_PD                            00000003
NOT_RBPU                          00000007
NOT_TO                            00000004
OPTION_REG                        00000081
PCL                               00000002
PCLATH                            0000000A
PORTA                             00000005
PORTB                             00000006
PS0                               00000000
PS1                               00000001
PS2                               00000002
PSA                               00000003
RBIE                              00000003
RBIF                              00000000
RD                                00000000
RP0                               00000005
RP1                               00000006
STATUS                            00000003
Sequence1                         00000031
Sequence2                         00000044
Sequence3                         0000004C
Sequence4                         0000004F
Sequence5                         00000060
Sequence6                         00000068
T0CS                              00000005
T0IE                              00000005
T0IF                              00000002
T0SE                              00000004
TMR0                              00000001
TRISA                             00000085
TRISB                             00000086
W                                 00000000
WR                                00000001
WREN                              00000002
WRERR                             00000003
MPASM  5.14                ICHNNOUREDDIN1.ASM   3-11-2021  16:39:11         PAGE  6


SYMBOL TABLE
  LABEL                             VALUE 

Z                                 00000002
_CP_OFF                           00003FFF
_CP_ON                            0000000F
_HS_OSC                           00003FFE
_LP_OSC                           00003FFC
_PWRTE_OFF                        00003FFF
_PWRTE_ON                         00003FF7
_RC_OSC                           00003FFF
_WDT_OFF                          00003FFB
_WDT_ON                           00003FFF
_XT_OSC                           00003FFD
__16F84A                          00000001
boucle1                           00000005
boucle2                           00000004
boucle3                           00000003
cmpt1                             0000000C
cmpt2                             0000000D
cmpt3                             0000000E
hh                                00000016
kk                                00000021
start                             0000002B
tempo                             00000001


MEMORY USAGE MAP ('X' = Used,  '-' = Unused)

0000 : XXXXXXXXXXXXXXXX XXXXXXXXXXXXXXXX XXXXXXXXXXXXXXXX XXXXXXXXXXXXXXXX
0040 : XXXXXXXXXXXXXXXX XXXXXXXXXXXXXXXX XXXXXXXXXXXX---- ----------------
2000 : -------X-------- ---------------- ---------------- ----------------

All other memory blocks unused.

Program Memory Words Used:   108
Program Memory Words Free:   916


Errors   :     0
Warnings :     6 reported,     0 suppressed
Messages :     2 reported,     0 suppressed

