MPASM  5.14                ICHNNOUREDDIN2.ASM   3-11-2021  11:30:24         PAGE  1


LOC  OBJECT CODE     LINE SOURCE TEXT
  VALUE

                      00001 ;Titre du programme: Exercice 4  
                      00002 ;Ce programme nous permet de commander un moteur par une interpteur                                     
                                                  
                      00003 ;++++++++++++++++++++++++++++++++++++++++++++++++++++++++++
                      00004 ; Les DIRECTIVES
                      00005 ;++++++++++++++++++++++++++++++++++++++++++++++++++++++++++
                      00006         LIST      p=16F84A            ; Définition de processeur
                      00007         #include <p16F84A.inc>        ; Définitions de variables
                      00001         LIST
                      00002 ; P16F84A.INC  Standard Header File, Version 2.00    Microchip Technology, Inc.
                      00134         LIST
2007   3FF2           00008         __CONFIG   _CP_OFF & _WDT_OFF & _PWRTE_ON & _HS_OSC
                      00009 
                      00010 ; '__CONFIG' précise les paramètres encodés dans le processeur au moment de
                      00011 ; la programmation. Les définitions sont dans le fichier include.
                      00012 
                      00013 ;+++++++++++++++++++++++++++++++++++++++++++++++++++++++++++
                      00014 ;                 PROGRAMME PRINCIPAL
                      00015 ;+++++++++++++++++++++++++++++++++++++++++++++++++++++++++++
Warning[205]: Found directive in column 1. (CBLOCK)
                      00016 CBLOCK 0x0C                             ; début de la zone variables
  0000000C            00017         cmpt1 : 1                               ; compteur de boucles 1
  0000000D            00018         cmpt2 : 1                               ; compteur de boucles 2
  0000000E            00019         cmpt3 : 1                               ; compteur de boucles 3
                      00020         ENDC
                      00021 ;---------------------------------------------------------------------
                      00022 ; Cette sous-routine introduit un retard d'environ 0.5s
                      00023 ; Elle ne reçoit aucun paramètre et n'en retourne aucun
                      00024 ;---------------------------------------------------------------------
0000                  00025             ORG 0x000 
0000   280D           00026             goto start
                      00027 
0001                  00028 tempo
0001   3002           00029         movlw   2                               ; pour 2 boucles
0002   008E           00030         movwf   cmpt3                           ; initialiser compteur3
0003                  00031 boucle3
0003   018D           00032         clrf    cmpt2                           ; effacer compteur2
0004                  00033 boucle2
0004   018C           00034         clrf    cmpt1                           ; effacer compteur1
0005                  00035 boucle1
0005   0000           00036         nop                                     ; perdre 1 cycle
0006   0B8C           00037         decfsz  cmpt1,f                         ; décrémenter compteur1
0007   2805           00038         goto    boucle1                         ; si pas 0, boucler     
0008   0B8D           00039         decfsz  cmpt2,f                         ; si 0, décrémenter compteur 2
0009   2804           00040         goto    boucle2                         ; si cmpt2 pas 0, recommencer boucle1
000A   0B8E           00041         decfsz  cmpt3,f                         ; si 0, décrémenter compteur 3
000B   2803           00042         goto    boucle3                         ; si cmpt3 pas 0, recommencer boucle2
000C   0008           00043    return                                               ; retour de la sous-routine
                      00044 ;+++++++++++++++++++++++++++++++++++++++++++++++++++++++++++++++++++++++
000D                  00045 start
000D   1683           00046          bsf STATUS,RP0
Message[302]: Register in operand not in bank 0.  Ensure that bank bits are correct.
000E   0185           00047          clrf TRISA
MPASM  5.14                ICHNNOUREDDIN2.ASM   3-11-2021  11:30:24         PAGE  2


LOC  OBJECT CODE     LINE SOURCE TEXT
  VALUE

000F   3003           00048          movlw b'00000011'
Message[302]: Register in operand not in bank 0.  Ensure that bank bits are correct.
0010   0086           00049          movwf TRISB
0011   1283           00050          bcf STATUS,RP0
                      00051 
Warning[207]: Found label after column 1. (loop)
0012                  00052  loop   
0012   0185           00053      clrf PORTA
                      00054    
Warning[207]: Found label after column 1. (JJ)
0013   1485           00055    JJ bsf PORTA,1
0014   1005           00056       bcf PORTA,0
0015   2001           00057       call tempo
0016   1C86           00058       btfss PORTB,1
                      00059 
0017   2813           00060       goto JJ
                      00061       
                      00062       
Warning[207]: Found label after column 1. (kk)
0018   1085           00063    kk bcf PORTA,1
0019   1405           00064       bsf PORTA,0
001A   2001           00065    call tempo
001B   1C86           00066       btfss PORTB,1
001C   2818           00067       goto kk
                      00068    
                      00069       ;call tempo
001D   0185           00070 bb    clrf PORTA
001E   2001           00071  call tempo
001F   1C86           00072       btfss PORTB,1
0020   281D           00073       goto bb
                      00074      
                      00075       ;call tempo
0021   2812           00076       goto loop
                      00077     
                      00078    end                                
MPASM  5.14                ICHNNOUREDDIN2.ASM   3-11-2021  11:30:24         PAGE  3


SYMBOL TABLE
  LABEL                             VALUE 

C                                 00000000
DC                                00000001
EEADR                             00000009
EECON1                            00000088
EECON2                            00000089
EEDATA                            00000008
EEIE                              00000006
EEIF                              00000004
F                                 00000001
FSR                               00000004
GIE                               00000007
INDF                              00000000
INTCON                            0000000B
INTE                              00000004
INTEDG                            00000006
INTF                              00000001
IRP                               00000007
JJ                                00000013
NOT_PD                            00000003
NOT_RBPU                          00000007
NOT_TO                            00000004
OPTION_REG                        00000081
PCL                               00000002
PCLATH                            0000000A
PORTA                             00000005
PORTB                             00000006
PS0                               00000000
PS1                               00000001
PS2                               00000002
PSA                               00000003
RBIE                              00000003
RBIF                              00000000
RD                                00000000
RP0                               00000005
RP1                               00000006
STATUS                            00000003
T0CS                              00000005
T0IE                              00000005
T0IF                              00000002
T0SE                              00000004
TMR0                              00000001
TRISA                             00000085
TRISB                             00000086
W                                 00000000
WR                                00000001
WREN                              00000002
WRERR                             00000003
Z                                 00000002
_CP_OFF                           00003FFF
_CP_ON                            0000000F
_HS_OSC                           00003FFE
_LP_OSC                           00003FFC
_PWRTE_OFF                        00003FFF
MPASM  5.14                ICHNNOUREDDIN2.ASM   3-11-2021  11:30:24         PAGE  4


SYMBOL TABLE
  LABEL                             VALUE 

_PWRTE_ON                         00003FF7
_RC_OSC                           00003FFF
_WDT_OFF                          00003FFB
_WDT_ON                           00003FFF
_XT_OSC                           00003FFD
__16F84A                          00000001
bb                                0000001D
boucle1                           00000005
boucle2                           00000004
boucle3                           00000003
cmpt1                             0000000C
cmpt2                             0000000D
cmpt3                             0000000E
kk                                00000018
loop                              00000012
start                             0000000D
tempo                             00000001


MEMORY USAGE MAP ('X' = Used,  '-' = Unused)

0000 : XXXXXXXXXXXXXXXX XXXXXXXXXXXXXXXX XX-------------- ----------------
2000 : -------X-------- ---------------- ---------------- ----------------

All other memory blocks unused.

Program Memory Words Used:    34
Program Memory Words Free:   990


Errors   :     0
Warnings :     4 reported,     0 suppressed
Messages :     2 reported,     0 suppressed

